2023-07-07T06:04:59.872Z info: LOG ma'lumotlar
2023-07-07T06:04:59.875Z error: ERROR ma'lumotlar
2023-07-07T06:04:59.876Z warn: WARN malumotlar
2023-07-07T06:04:59.876Z info: INFO malumotlar
2023-07-07T06:05:41.753Z info: LOG ma'lumotlar
2023-07-07T06:05:41.757Z error: ERROR ma'lumotlar
2023-07-07T06:05:41.759Z warn: WARN malumotlar
2023-07-07T06:05:41.760Z info: INFO malumotlar
{"level":"info","message":"LOG ma'lumotlar","timestamp":"2023-07-07T06:08:40.238Z"}
{"level":"error","message":"ERROR ma'lumotlar","timestamp":"2023-07-07T06:08:40.243Z"}
{"level":"warn","message":"WARN malumotlar","timestamp":"2023-07-07T06:08:40.245Z"}
{"level":"info","message":"INFO malumotlar","timestamp":"2023-07-07T06:08:40.247Z"}
{"level":"info","message":"LOG ma'lumotlar","timestamp":"2023-07-07T06:08:42.681Z"}
{"level":"error","message":"ERROR ma'lumotlar","timestamp":"2023-07-07T06:08:42.687Z"}
{"level":"warn","message":"WARN malumotlar","timestamp":"2023-07-07T06:08:42.689Z"}
{"level":"info","message":"INFO malumotlar","timestamp":"2023-07-07T06:08:42.691Z"}
{"level":"info","message":"LOG ma'lumotlar","timestamp":"2023-07-07T06:10:21.882Z"}
{"level":"error","message":"ERROR ma'lumotlar","timestamp":"2023-07-07T06:10:21.887Z"}
{"level":"warn","message":"WARN malumotlar","timestamp":"2023-07-07T06:10:21.890Z"}
{"level":"info","message":"INFO malumotlar","timestamp":"2023-07-07T06:10:21.893Z"}
{"level":"info","message":"LOG ma'lumotlar","timestamp":"2023-07-07T06:10:24.024Z"}
{"level":"error","message":"ERROR ma'lumotlar","timestamp":"2023-07-07T06:10:24.041Z"}
{"level":"warn","message":"WARN malumotlar","timestamp":"2023-07-07T06:10:24.048Z"}
{"level":"info","message":"INFO malumotlar","timestamp":"2023-07-07T06:10:24.053Z"}
{"level":"info","message":"LOG ma'lumotlar","timestamp":"2023-07-07T06:18:53.826Z"}
{"level":"error","message":"ERROR ma'lumotlar","timestamp":"2023-07-07T06:18:53.831Z"}
{"level":"warn","message":"WARN malumotlar","timestamp":"2023-07-07T06:18:53.835Z"}
{"level":"info","message":"INFO malumotlar","timestamp":"2023-07-07T06:18:53.837Z"}
{"level":"info","message":"LOG ma'lumotlar","timestamp":"2023-07-07T06:20:35.990Z"}
{"level":"error","message":"ERROR ma'lumotlar","timestamp":"2023-07-07T06:20:35.997Z"}
{"level":"warn","message":"WARN malumotlar","timestamp":"2023-07-07T06:20:36.001Z"}
{"level":"info","message":"INFO malumotlar","timestamp":"2023-07-07T06:20:36.003Z"}
{"level":"info","message":"LOG ma'lumotlar","timestamp":"2023-07-07T06:21:41.730Z"}
{"level":"error","message":"ERROR ma'lumotlar","timestamp":"2023-07-07T06:21:41.735Z"}
{"level":"warn","message":"WARN malumotlar","timestamp":"2023-07-07T06:21:41.738Z"}
{"level":"info","message":"INFO malumotlar","timestamp":"2023-07-07T06:21:41.741Z"}
{"level":"info","message":"LOG ma'lumotlar","timestamp":"2023-07-07T06:21:49.578Z"}
{"level":"error","message":"ERROR ma'lumotlar","timestamp":"2023-07-07T06:21:49.587Z"}
{"level":"warn","message":"WARN malumotlar","timestamp":"2023-07-07T06:21:49.590Z"}
{"level":"info","message":"INFO malumotlar","timestamp":"2023-07-07T06:21:49.591Z"}
{"level":"info","message":"LOG ma'lumotlar","timestamp":"2023-07-07T06:22:47.225Z"}
{"level":"error","message":"ERROR ma'lumotlar","timestamp":"2023-07-07T06:22:47.230Z"}
{"level":"warn","message":"WARN malumotlar","timestamp":"2023-07-07T06:22:47.232Z"}
{"level":"info","message":"INFO malumotlar","timestamp":"2023-07-07T06:22:47.235Z"}
{"level":"info","message":"LOG ma'lumotlar","timestamp":"2023-07-07T06:23:16.853Z"}
{"level":"error","message":"ERROR ma'lumotlar","timestamp":"2023-07-07T06:23:16.863Z"}
{"level":"warn","message":"WARN malumotlar","timestamp":"2023-07-07T06:23:16.866Z"}
{"level":"info","message":"INFO malumotlar","timestamp":"2023-07-07T06:23:16.869Z"}
{"level":"info","message":"LOG ma'lumotlar","timestamp":"2023-07-07T06:23:21.703Z"}
{"level":"error","message":"ERROR ma'lumotlar","timestamp":"2023-07-07T06:23:21.712Z"}
{"level":"warn","message":"WARN malumotlar","timestamp":"2023-07-07T06:23:21.715Z"}
{"level":"info","message":"INFO malumotlar","timestamp":"2023-07-07T06:23:21.719Z"}
{"level":"info","message":"LOG ma'lumotlar","timestamp":"2023-07-07T06:23:47.040Z"}
{"level":"error","message":"ERROR ma'lumotlar","timestamp":"2023-07-07T06:23:47.046Z"}
{"level":"warn","message":"WARN malumotlar","timestamp":"2023-07-07T06:23:47.048Z"}
{"level":"info","message":"INFO malumotlar","timestamp":"2023-07-07T06:23:47.049Z"}
{"level":"info","message":"LOG ma'lumotlar","timestamp":"2023-07-07T06:23:53.637Z"}
{"level":"error","message":"ERROR ma'lumotlar","timestamp":"2023-07-07T06:23:53.644Z"}
{"level":"warn","message":"WARN malumotlar","timestamp":"2023-07-07T06:23:53.648Z"}
{"level":"info","message":"INFO malumotlar","timestamp":"2023-07-07T06:23:53.651Z"}
{"level":"info","message":"LOG ma'lumotlar","timestamp":"2023-07-07T06:23:55.857Z"}
{"level":"error","message":"ERROR ma'lumotlar","timestamp":"2023-07-07T06:23:55.864Z"}
{"level":"warn","message":"WARN malumotlar","timestamp":"2023-07-07T06:23:55.871Z"}
{"level":"info","message":"INFO malumotlar","timestamp":"2023-07-07T06:23:55.873Z"}
{"level":"info","message":"LOG ma'lumotlar","timestamp":"2023-07-07T06:23:57.197Z"}
{"level":"error","message":"ERROR ma'lumotlar","timestamp":"2023-07-07T06:23:57.204Z"}
{"level":"warn","message":"WARN malumotlar","timestamp":"2023-07-07T06:23:57.208Z"}
{"level":"info","message":"INFO malumotlar","timestamp":"2023-07-07T06:23:57.211Z"}
{"level":"info","message":"LOG ma'lumotlar","timestamp":"2023-07-07T06:24:52.318Z"}
{"level":"error","message":"ERROR ma'lumotlar","timestamp":"2023-07-07T06:24:52.322Z"}
{"level":"warn","message":"WARN malumotlar","timestamp":"2023-07-07T06:24:52.324Z"}
{"level":"info","message":"INFO malumotlar","timestamp":"2023-07-07T06:24:52.325Z"}
{"level":"info","message":"LOG ma'lumotlar","timestamp":"2023-07-07T06:28:27.661Z"}
{"level":"error","message":"ERROR ma'lumotlar","timestamp":"2023-07-07T06:28:27.666Z"}
{"level":"warn","message":"WARN malumotlar","timestamp":"2023-07-07T06:28:27.668Z"}
{"level":"info","message":"INFO malumotlar","timestamp":"2023-07-07T06:28:27.670Z"}
{"level":"info","message":"LOG ma'lumotlar","timestamp":"2023-07-07T06:33:25.762Z"}
{"level":"error","message":"ERROR ma'lumotlar","timestamp":"2023-07-07T06:33:25.767Z"}
{"level":"warn","message":"WARN malumotlar","timestamp":"2023-07-07T06:33:25.770Z"}
{"level":"info","message":"INFO malumotlar","timestamp":"2023-07-07T06:33:25.772Z"}
{"level":"info","message":"LOG ma'lumotlar","timestamp":"2023-07-07T06:33:38.288Z"}
{"level":"error","message":"ERROR ma'lumotlar","timestamp":"2023-07-07T06:33:38.297Z"}
{"level":"warn","message":"WARN malumotlar","timestamp":"2023-07-07T06:33:38.301Z"}
{"level":"info","message":"INFO malumotlar","timestamp":"2023-07-07T06:33:38.302Z"}
{"level":"info","message":"LOG ma'lumotlar","timestamp":"2023-07-07T06:34:33.335Z"}
{"level":"error","message":"ERROR ma'lumotlar","timestamp":"2023-07-07T06:34:33.340Z"}
{"level":"warn","message":"WARN malumotlar","timestamp":"2023-07-07T06:34:33.343Z"}
{"level":"info","message":"INFO malumotlar","timestamp":"2023-07-07T06:34:33.345Z"}
{"level":"info","message":"LOG ma'lumotlar","timestamp":"2023-07-07T06:34:35.832Z"}
{"level":"error","message":"ERROR ma'lumotlar","timestamp":"2023-07-07T06:34:35.837Z"}
{"level":"warn","message":"WARN malumotlar","timestamp":"2023-07-07T06:34:35.839Z"}
{"level":"info","message":"INFO malumotlar","timestamp":"2023-07-07T06:34:35.841Z"}
{"level":"info","message":"LOG ma'lumotlar","timestamp":"2023-07-07T06:34:38.274Z"}
{"level":"error","message":"ERROR ma'lumotlar","timestamp":"2023-07-07T06:34:38.280Z"}
{"level":"warn","message":"WARN malumotlar","timestamp":"2023-07-07T06:34:38.284Z"}
{"level":"info","message":"INFO malumotlar","timestamp":"2023-07-07T06:34:38.286Z"}
{"level":"info","message":"LOG ma'lumotlar","timestamp":"2023-07-07T06:36:49.921Z"}
{"level":"error","message":"ERROR ma'lumotlar","timestamp":"2023-07-07T06:36:49.927Z"}
{"level":"warn","message":"WARN malumotlar","timestamp":"2023-07-07T06:36:49.930Z"}
{"level":"info","message":"INFO malumotlar","timestamp":"2023-07-07T06:36:49.931Z"}
{"level":"info","message":"LOG ma'lumotlar","timestamp":"2023-07-07T06:36:59.777Z"}
{"level":"error","message":"ERROR ma'lumotlar","timestamp":"2023-07-07T06:36:59.781Z"}
{"level":"warn","message":"WARN malumotlar","timestamp":"2023-07-07T06:36:59.784Z"}
{"level":"info","message":"INFO malumotlar","timestamp":"2023-07-07T06:36:59.786Z"}
{"level":"info","message":"LOG ma'lumotlar","timestamp":"2023-07-07T06:52:19.789Z"}
{"level":"error","message":"ERROR ma'lumotlar","timestamp":"2023-07-07T06:52:19.795Z"}
{"level":"warn","message":"WARN malumotlar","timestamp":"2023-07-07T06:52:19.797Z"}
{"level":"info","message":"INFO malumotlar","timestamp":"2023-07-07T06:52:19.798Z"}
